{"/Users/raoufeasya/Documents/easya-sdk/src/index.ts": {"path":"/Users/raoufeasya/Documents/easya-sdk/src/index.ts","statementMap":{"0":{"start":{"line":6,"column":6},"end":{"line":6,"column":27}},"1":{"start":{"line":7,"column":6},"end":{"line":7,"column":29}},"2":{"start":{"line":13,"column":6},"end":{"line":13,"column":31}},"3":{"start":{"line":1,"column":0},"end":{"line":1,"column":13}}},"fnMap":{"0":{"name":"(anonymous_0)","decl":{"start":{"line":5,"column":4},"end":{"line":5,"column":16}},"loc":{"start":{"line":5,"column":73},"end":{"line":8,"column":5}}},"1":{"name":"(anonymous_1)","decl":{"start":{"line":11,"column":4},"end":{"line":11,"column":9}},"loc":{"start":{"line":11,"column":14},"end":{"line":14,"column":5}}}},"branchMap":{"0":{"loc":{"start":{"line":5,"column":32},"end":{"line":5,"column":73}},"type":"default-arg","locations":[{"start":{"line":5,"column":50},"end":{"line":5,"column":73}}]}},"s":{"0":2,"1":2,"2":0,"3":1},"f":{"0":2,"1":0},"b":{"0":[1]}}
}
